D, [2021-09-22T11:41:59.758513 #12420] DEBUG -- :   [1m[35m (0.4ms)[0m  [1m[34mSELECT sqlite_version(*)[0m
D, [2021-09-22T11:41:59.783320 #12420] DEBUG -- :   [1m[35m (12.9ms)[0m  [1m[35mCREATE TABLE "schema_migrations" ("version" varchar NOT NULL PRIMARY KEY)[0m
D, [2021-09-22T11:41:59.794094 #12420] DEBUG -- :   [1m[35m (9.1ms)[0m  [1m[35mCREATE TABLE "ar_internal_metadata" ("key" varchar NOT NULL PRIMARY KEY, "value" varchar, "created_at" datetime(6) NOT NULL, "updated_at" datetime(6) NOT NULL)[0m
D, [2021-09-22T11:41:59.798144 #12420] DEBUG -- :   [1m[35m (0.1ms)[0m  [1m[34mSELECT "schema_migrations"."version" FROM "schema_migrations" ORDER BY "schema_migrations"."version" ASC[0m
I, [2021-09-22T11:41:59.798272 #12420]  INFO -- : Migrating to CreateHouses (20210922090049)
D, [2021-09-22T11:41:59.799754 #12420] DEBUG -- :   [1m[35m (0.1ms)[0m  [1m[36mbegin transaction[0m
D, [2021-09-22T11:41:59.800441 #12420] DEBUG -- :   [1m[35m (0.5ms)[0m  [1m[35mCREATE TABLE "houses" ("id" integer PRIMARY KEY AUTOINCREMENT NOT NULL, "title" varchar, "description" varchar, "created_at" datetime(6) NOT NULL, "updated_at" datetime(6) NOT NULL)[0m
D, [2021-09-22T11:41:59.803308 #12420] DEBUG -- :   [1m[36mActiveRecord::SchemaMigration Create (0.2ms)[0m  [1m[32mINSERT INTO "schema_migrations" ("version") VALUES (?)[0m  [["version", "20210922090049"]]
D, [2021-09-22T11:41:59.812316 #12420] DEBUG -- :   [1m[35m (8.7ms)[0m  [1m[36mcommit transaction[0m
I, [2021-09-22T11:41:59.812455 #12420]  INFO -- : Migrating to CreateCategories (20210922090114)
D, [2021-09-22T11:41:59.815413 #12420] DEBUG -- :   [1m[35m (0.1ms)[0m  [1m[36mbegin transaction[0m
D, [2021-09-22T11:41:59.816091 #12420] DEBUG -- :   [1m[35m (0.4ms)[0m  [1m[35mCREATE TABLE "categories" ("id" integer PRIMARY KEY AUTOINCREMENT NOT NULL, "name" varchar, "house_id" integer NOT NULL, "created_at" datetime(6) NOT NULL, "updated_at" datetime(6) NOT NULL, CONSTRAINT "fk_rails_0ee773319d"
FOREIGN KEY ("house_id")
  REFERENCES "houses" ("id")
)[0m
D, [2021-09-22T11:41:59.816815 #12420] DEBUG -- :   [1m[35m (0.1ms)[0m  [1m[35mCREATE  INDEX "index_categories_on_house_id" ON "categories" ("house_id")[0m
D, [2021-09-22T11:41:59.818195 #12420] DEBUG -- :   [1m[36mActiveRecord::SchemaMigration Create (0.3ms)[0m  [1m[32mINSERT INTO "schema_migrations" ("version") VALUES (?)[0m  [["version", "20210922090114"]]
D, [2021-09-22T11:41:59.828054 #12420] DEBUG -- :   [1m[35m (9.5ms)[0m  [1m[36mcommit transaction[0m
D, [2021-09-22T11:41:59.830779 #12420] DEBUG -- :   [1m[36mActiveRecord::InternalMetadata Load (0.2ms)[0m  [1m[34mSELECT "ar_internal_metadata".* FROM "ar_internal_metadata" WHERE "ar_internal_metadata"."key" = ? LIMIT ?[0m  [["key", "environment"], ["LIMIT", 1]]
D, [2021-09-22T11:41:59.836946 #12420] DEBUG -- :   [1m[35m (0.2ms)[0m  [1m[36mbegin transaction[0m
D, [2021-09-22T11:41:59.838338 #12420] DEBUG -- :   [1m[36mActiveRecord::InternalMetadata Create (0.6ms)[0m  [1m[32mINSERT INTO "ar_internal_metadata" ("key", "value", "created_at", "updated_at") VALUES (?, ?, ?, ?)[0m  [["key", "environment"], ["value", "production"], ["created_at", "2021-09-22 09:41:59.835972"], ["updated_at", "2021-09-22 09:41:59.835972"]]
D, [2021-09-22T11:41:59.845347 #12420] DEBUG -- :   [1m[35m (6.6ms)[0m  [1m[36mcommit transaction[0m
